app/build/intermediates/manifest_merge_blame_file/debug/manifest-merger-blame-debug-report.txt
1<?xml version="1.0" encoding="utf-8"?>
2<manifest xmlns:android="http://schemas.android.com/apk/res/android"
3    package="com.example.smartmoney"
4    android:versionCode="1"
5    android:versionName="1.0" >
6
7    <uses-sdk
8        android:minSdkVersion="28"
8-->src\main\AndroidManifest.xml
9        android:targetSdkVersion="29" />
9-->src\main\AndroidManifest.xml
10
11    <uses-permission android:name="android.permission.CAMERA" />
11-->src\main\AndroidManifest.xml:6:5-65
11-->src\main\AndroidManifest.xml:6:22-62
12
13    <application
13-->src\main\AndroidManifest.xml:8:5-35:19
14        android:allowBackup="true"
14-->src\main\AndroidManifest.xml:9:9-35
15        android:appComponentFactory="androidx.core.app.CoreComponentFactory"
15-->[androidx.core:core:1.3.0] AndroidManifest.xml:24:18-86
16        android:debuggable="true"
17        android:icon="@mipmap/ic_launcher"
17-->src\main\AndroidManifest.xml:10:9-43
18        android:label="@string/app_name"
18-->src\main\AndroidManifest.xml:11:9-41
19        android:roundIcon="@mipmap/ic_launcher_round"
19-->src\main\AndroidManifest.xml:12:9-54
20        android:supportsRtl="true"
20-->src\main\AndroidManifest.xml:13:9-35
21        android:theme="@style/AppTheme" >
21-->src\main\AndroidManifest.xml:14:9-40
22        <activity android:name="com.example.smartmoney.ChartIncome" />
22-->src\main\AndroidManifest.xml:16:9-58
22-->src\main\AndroidManifest.xml:16:19-46
23        <activity android:name="com.example.smartmoney.ScanCodeActivity" />
23-->src\main\AndroidManifest.xml:17:9-54
23-->src\main\AndroidManifest.xml:17:19-51
24        <activity android:name="com.example.smartmoney.ScanQR" />
24-->src\main\AndroidManifest.xml:18:9-44
24-->src\main\AndroidManifest.xml:18:19-41
25        <activity android:name="com.example.smartmoney.ListExpenses" />
25-->src\main\AndroidManifest.xml:19:9-50
25-->src\main\AndroidManifest.xml:19:19-47
26        <activity android:name="com.example.smartmoney.CalcFYP" />
26-->src\main\AndroidManifest.xml:20:9-45
26-->src\main\AndroidManifest.xml:20:19-42
27        <activity android:name="com.example.smartmoney.Login" />
27-->src\main\AndroidManifest.xml:21:9-43
27-->src\main\AndroidManifest.xml:21:19-40
28        <activity android:name="com.example.smartmoney.Chart" />
28-->src\main\AndroidManifest.xml:22:9-43
28-->src\main\AndroidManifest.xml:22:19-40
29        <activity android:name="com.example.smartmoney.Calendar" />
29-->src\main\AndroidManifest.xml:23:9-46
29-->src\main\AndroidManifest.xml:23:19-43
30        <activity android:name="com.example.smartmoney.Expenses" />
30-->src\main\AndroidManifest.xml:24:9-46
30-->src\main\AndroidManifest.xml:24:19-43
31        <activity android:name="com.example.smartmoney.Income" />
31-->src\main\AndroidManifest.xml:25:9-44
31-->src\main\AndroidManifest.xml:25:19-41
32        <activity
32-->src\main\AndroidManifest.xml:26:9-34:20
33            android:name="com.example.smartmoney.MainActivity"
33-->src\main\AndroidManifest.xml:27:13-41
34            android:theme="@style/AppTheme.NoActionBar" >
34-->src\main\AndroidManifest.xml:28:13-56
35            <intent-filter>
35-->src\main\AndroidManifest.xml:29:13-33:29
36                <action android:name="android.intent.action.MAIN" />
36-->src\main\AndroidManifest.xml:30:17-69
36-->src\main\AndroidManifest.xml:30:25-66
37
38                <category android:name="android.intent.category.LAUNCHER" />
38-->src\main\AndroidManifest.xml:32:17-77
38-->src\main\AndroidManifest.xml:32:27-74
39            </intent-filter>
40        </activity>
41        <activity
41-->[com.google.android.gms:play-services-auth:18.0.0] AndroidManifest.xml:23:9-27:75
42            android:name="com.google.android.gms.auth.api.signin.internal.SignInHubActivity"
42-->[com.google.android.gms:play-services-auth:18.0.0] AndroidManifest.xml:24:13-93
43            android:excludeFromRecents="true"
43-->[com.google.android.gms:play-services-auth:18.0.0] AndroidManifest.xml:25:13-46
44            android:exported="false"
44-->[com.google.android.gms:play-services-auth:18.0.0] AndroidManifest.xml:26:13-37
45            android:theme="@android:style/Theme.Translucent.NoTitleBar" />
45-->[com.google.android.gms:play-services-auth:18.0.0] AndroidManifest.xml:27:13-72
46        <!--
47            Service handling Google Sign-In user revocation. For apps that do not integrate with
48            Google Sign-In, this service will never be started.
49        -->
50        <service
50-->[com.google.android.gms:play-services-auth:18.0.0] AndroidManifest.xml:33:9-36:110
51            android:name="com.google.android.gms.auth.api.signin.RevocationBoundService"
51-->[com.google.android.gms:play-services-auth:18.0.0] AndroidManifest.xml:34:13-89
52            android:exported="true"
52-->[com.google.android.gms:play-services-auth:18.0.0] AndroidManifest.xml:35:13-36
53            android:permission="com.google.android.gms.auth.api.signin.permission.REVOCATION_NOTIFICATION" />
53-->[com.google.android.gms:play-services-auth:18.0.0] AndroidManifest.xml:36:13-107
54
55        <activity
55-->[com.google.android.gms:play-services-base:17.1.0] AndroidManifest.xml:23:9-26:75
56            android:name="com.google.android.gms.common.api.GoogleApiActivity"
56-->[com.google.android.gms:play-services-base:17.1.0] AndroidManifest.xml:24:13-79
57            android:exported="false"
57-->[com.google.android.gms:play-services-base:17.1.0] AndroidManifest.xml:25:13-37
58            android:theme="@android:style/Theme.Translucent.NoTitleBar" />
58-->[com.google.android.gms:play-services-base:17.1.0] AndroidManifest.xml:26:13-72
59
60        <meta-data
60-->[com.google.android.gms:play-services-basement:17.1.1] AndroidManifest.xml:23:9-25:69
61            android:name="com.google.android.gms.version"
61-->[com.google.android.gms:play-services-basement:17.1.1] AndroidManifest.xml:24:13-58
62            android:value="@integer/google_play_services_version" />
62-->[com.google.android.gms:play-services-basement:17.1.1] AndroidManifest.xml:25:13-66
63
64        <provider
64-->[androidx.lifecycle:lifecycle-process:2.2.0] AndroidManifest.xml:25:9-29:43
65            android:name="androidx.lifecycle.ProcessLifecycleOwnerInitializer"
65-->[androidx.lifecycle:lifecycle-process:2.2.0] AndroidManifest.xml:26:13-79
66            android:authorities="com.example.smartmoney.lifecycle-process"
66-->[androidx.lifecycle:lifecycle-process:2.2.0] AndroidManifest.xml:27:13-69
67            android:exported="false"
67-->[androidx.lifecycle:lifecycle-process:2.2.0] AndroidManifest.xml:28:13-37
68            android:multiprocess="true" />
68-->[androidx.lifecycle:lifecycle-process:2.2.0] AndroidManifest.xml:29:13-40
69    </application>
70
71</manifest>